<?xml version="1.0" encoding="UTF-8"?>
<!-- Generated by org.testng.reporters.JUnitXMLReporter -->
<testsuite ignored="0" hostname="CPU-0163" failures="0" tests="1" name="Test" time="0.024" errors="0" timestamp="2022-02-15T13:47:36 IST">
  <testcase classname="Base.Web_Base" name="@BeforeSuite extent_report" time="2.02">
    <failure type="org.openqa.selenium.SessionNotCreatedException" message="session not created: This version of ChromeDriver only supports Chrome version 96
Current browser version is 98.0.4758.82 with binary path C:\Program Files\Google\Chrome\Application\chrome.exe
Build info: version: &amp;apos;3.141.59&amp;apos;, revision: &amp;apos;e82be7d358&amp;apos;, time: &amp;apos;2018-11-14T08:17:03&amp;apos;
System info: host: &amp;apos;CPU-0163&amp;apos;, ip: &amp;apos;192.168.56.1&amp;apos;, os.name: &amp;apos;Windows 10&amp;apos;, os.arch: &amp;apos;amd64&amp;apos;, os.version: &amp;apos;10.0&amp;apos;, java.version: &amp;apos;17.0.1&amp;apos;
Driver info: driver.version: ChromeDriver
remote stacktrace: Backtrace:
	Ordinal0 [0x01066903+2517251]
	Ordinal0 [0x00FFF8E1+2095329]
	Ordinal0 [0x00F02848+1058888]
	Ordinal0 [0x00F20B9D+1182621]
	Ordinal0 [0x00F1CA60+1165920]
	Ordinal0 [0x00F1A2CF+1155791]
	Ordinal0 [0x00F4AAAF+1354415]
	Ordinal0 [0x00F4A71A+1353498]
	Ordinal0 [0x00F4639B+1336219]
	Ordinal0 [0x00F227A7+1189799]
	Ordinal0 [0x00F23609+1193481]
	GetHandleVerifier [0x011F5904+1577972]
	GetHandleVerifier [0x012A0B97+2279047]
	GetHandleVerifier [0x010F6D09+534521]
	GetHandleVerifier [0x010F5DB9+530601]
	Ordinal0 [0x01004FF9+2117625]
	Ordinal0 [0x010098A8+2136232]
	Ordinal0 [0x010099E2+2136546]
	Ordinal0 [0x01013541+2176321]
	BaseThreadInitThunk [0x76A5FA29+25]
	RtlGetAppContainerNamedObjectPath [0x76FD7A9E+286]
	RtlGetAppContainerNamedObjectPath [0x76FD7A6E+238]
">
      <![CDATA[org.openqa.selenium.SessionNotCreatedException: session not created: This version of ChromeDriver only supports Chrome version 96
Current browser version is 98.0.4758.82 with binary path C:\Program Files\Google\Chrome\Application\chrome.exe
Build info: version: '3.141.59', revision: 'e82be7d358', time: '2018-11-14T08:17:03'
System info: host: 'CPU-0163', ip: '192.168.56.1', os.name: 'Windows 10', os.arch: 'amd64', os.version: '10.0', java.version: '17.0.1'
Driver info: driver.version: ChromeDriver
remote stacktrace: Backtrace:
Ordinal0 [0x01066903+2517251]
Ordinal0 [0x00FFF8E1+2095329]
Ordinal0 [0x00F02848+1058888]
Ordinal0 [0x00F20B9D+1182621]
Ordinal0 [0x00F1CA60+1165920]
Ordinal0 [0x00F1A2CF+1155791]
Ordinal0 [0x00F4AAAF+1354415]
Ordinal0 [0x00F4A71A+1353498]
Ordinal0 [0x00F4639B+1336219]
Ordinal0 [0x00F227A7+1189799]
Ordinal0 [0x00F23609+1193481]
GetHandleVerifier [0x011F5904+1577972]
GetHandleVerifier [0x012A0B97+2279047]
GetHandleVerifier [0x010F6D09+534521]
GetHandleVerifier [0x010F5DB9+530601]
Ordinal0 [0x01004FF9+2117625]
Ordinal0 [0x010098A8+2136232]
Ordinal0 [0x010099E2+2136546]
Ordinal0 [0x01013541+2176321]
BaseThreadInitThunk [0x76A5FA29+25]
RtlGetAppContainerNamedObjectPath [0x76FD7A9E+286]
RtlGetAppContainerNamedObjectPath [0x76FD7A6E+238]

at org.openqa.selenium.remote.W3CHandshakeResponse.lambda$errorHandler$0(W3CHandshakeResponse.java:62)
at org.openqa.selenium.remote.HandshakeResponse.lambda$getResponseFunction$0(HandshakeResponse.java:30)
at org.openqa.selenium.remote.ProtocolHandshake.lambda$createSession$0(ProtocolHandshake.java:126)
at java.base/java.util.stream.ReferencePipeline$3$1.accept(ReferencePipeline.java:197)
at java.base/java.util.Spliterators$ArraySpliterator.tryAdvance(Spliterators.java:1002)
at java.base/java.util.stream.ReferencePipeline.forEachWithCancel(ReferencePipeline.java:129)
at java.base/java.util.stream.AbstractPipeline.copyIntoWithCancel(AbstractPipeline.java:527)
at java.base/java.util.stream.AbstractPipeline.copyInto(AbstractPipeline.java:513)
at java.base/java.util.stream.AbstractPipeline.wrapAndCopyInto(AbstractPipeline.java:499)
at java.base/java.util.stream.FindOps$FindOp.evaluateSequential(FindOps.java:150)
at java.base/java.util.stream.AbstractPipeline.evaluate(AbstractPipeline.java:234)
at java.base/java.util.stream.ReferencePipeline.findFirst(ReferencePipeline.java:647)
at org.openqa.selenium.remote.ProtocolHandshake.createSession(ProtocolHandshake.java:128)
at org.openqa.selenium.remote.ProtocolHandshake.createSession(ProtocolHandshake.java:74)
at org.openqa.selenium.remote.HttpCommandExecutor.execute(HttpCommandExecutor.java:136)
at org.openqa.selenium.remote.service.DriverCommandExecutor.execute(DriverCommandExecutor.java:83)
at org.openqa.selenium.remote.RemoteWebDriver.execute(RemoteWebDriver.java:552)
at org.openqa.selenium.remote.RemoteWebDriver.startSession(RemoteWebDriver.java:213)
at org.openqa.selenium.remote.RemoteWebDriver.<init>(RemoteWebDriver.java:131)
at org.openqa.selenium.chrome.ChromeDriver.<init>(ChromeDriver.java:181)
at org.openqa.selenium.chrome.ChromeDriver.<init>(ChromeDriver.java:168)
at org.openqa.selenium.chrome.ChromeDriver.<init>(ChromeDriver.java:123)
at Base.Web_Base.openBrowser(Web_Base.java:130)
at Base.Web_Base.extent_report(Web_Base.java:48)
... Removed 24 stack frames]]>
    </failure>
  </testcase> <!-- @BeforeSuite extent_report -->
  <testcase classname="Base.Web_Base" name="@AfterMethod appium_server_stop" time="-1.644913056009E9">
    <skipped/>
  </testcase> <!-- @AfterMethod appium_server_stop -->
  <testcase classname="Web.Login" name="DirectLogin" time="0.0">
    <skipped/>
  </testcase> <!-- DirectLogin -->
</testsuite> <!-- Test -->
